jg4821
*   cda0c92 Merge branch 'testing'
|\  
| *   4c37896 Merge branch 'master' into testing
| |\  
| * | cf58a0b 5th commit (2nd on testing).
* | |   56e2937 Merge branch 'testing2'
|\ \ \  
| |_|/  
|/| |   
| * | 3a86a85 4th commit (1st on testing2).
* | |   029d4ad Merge branch 'testing'
|\ \ \  
| |/ /  
|/| /   
| |/    
| * 8ca0a6b 3rd commit (1st on testing).
* | 0ba8899 2nd commit (2nd on master).
|/  
* c696991 1st commit (1st on master).

sy1253
*   d483f1a six and eight to nineMerge branch 'b7'
|\  
| *   4eeb32b four and seven to eightMerge branch 'b4' into b7
| |\  
| * | c0014e7 7th
* | |   724ba4e four and five to sixMerge branch 'b5'
|\ \ \  
| |_|/  
|/| |   
| * | f29918a 5th
* | |   3dc4e77 two and three to fourMerge branch 'b3'
|\ \ \  
| |/ /  
|/| /   
| |/    
| * 4209f3a 3rd
* | 576a94b 2nd
|/  
* b88601a 1st

xw1007
*   7a4459f 9
|\  
| *   0fadf16 6
| |\  
| * | 9cdb383 5
* | |   9d7aaff 8
|\ \ \  
| | |/  
| |/|   
| * |   58b30f2 4
| |\ \  
| | |/  
| | * 117c198 2
* | | 9df9fa3 7
|/ /  
* | 5ff4f5e 3
|/  
* 0321828 1st commit

