sy1253
*   d483f1a six and eight to nineMerge branch 'b7'
|\  
| *   4eeb32b four and seven to eightMerge branch 'b4' into b7
| |\  
| * | c0014e7 7th
* | |   724ba4e four and five to sixMerge branch 'b5'
|\ \ \  
| |_|/  
|/| |   
| * | f29918a 5th
* | |   3dc4e77 two and three to fourMerge branch 'b3'
|\ \ \  
| |/ /  
|/| /   
| |/    
| * 4209f3a 3rd
* | 576a94b 2nd
|/  
* b88601a 1st

xw1007
*   7a4459f 9
|\  
| *   0fadf16 6
| |\  
| * | 9cdb383 5
* | |   9d7aaff 8
|\ \ \  
| | |/  
| |/|   
| * |   58b30f2 4
| |\ \  
| | |/  
| | * 117c198 2
* | | 9df9fa3 7
|/ /  
* | 5ff4f5e 3
|/  
* 0321828 1st commit
